<?xml version="1.0" encoding="UTF-8"?>
<testng-results ignored="0" total="1" passed="1" failed="0" skipped="0">
  <reporter-output>
  </reporter-output>
  <suite started-at="2021-06-01T15:27:34 IST" name="Default suite" finished-at="2021-06-01T15:27:54 IST" duration-ms="20074">
    <groups>
    </groups>
    <test started-at="2021-06-01T15:27:34 IST" name="Default test" finished-at="2021-06-01T15:27:54 IST" duration-ms="20074">
      <class name="pageObjectModel.RegistrationTest">
        <test-method signature="verifyFlightReg()[pri:0, instance:pageObjectModel.RegistrationTest@647fd8ce]" started-at="2021-06-01T15:27:34 IST" name="verifyFlightReg" finished-at="2021-06-01T15:27:54 IST" duration-ms="19997" status="PASS">
          <reporter-output>
          </reporter-output>
        </test-method> <!-- verifyFlightReg -->
      </class> <!-- pageObjectModel.RegistrationTest -->
    </test> <!-- Default test -->
  </suite> <!-- Default suite -->
</testng-results>
